<?xml version="1.0" encoding="UTF-8"?>
<!-- Generated by org.testng.reporters.JUnitReportReporter -->
<testsuite skipped="0" hostname="deskOne" name="com.learningMaven.LoginTest" tests="1" failures="0" timestamp="25 мар 2017 21:59:43 GMT" time="15.038" errors="0">
  <testcase name="login" time="15.038" classname="com.learningMaven.LoginTest"/>
</testsuite> <!-- com.learningMaven.LoginTest -->
