<?xml version="1.0" encoding="UTF-8"?>
<!-- Generated by org.testng.reporters.JUnitReportReporter -->
<testsuite skipped="0" hostname="deskOne" name="com.learningMaven.LoginTest" tests="1" failures="0" timestamp="28 мар 2017 20:42:31 GMT" time="9.871" errors="0">
  <testcase name="login" time="9.871" classname="com.learningMaven.LoginTest"/>
</testsuite> <!-- com.learningMaven.LoginTest -->
